<?xml version="1.0" encoding="UTF-8"?>
<coverage generated="1579209830027" clover="3.2.0">
  <project timestamp="1579209830028" name="All files">
    <metrics statements="9" coveredstatements="9" conditionals="17" coveredconditionals="17" methods="5" coveredmethods="5" elements="31" coveredelements="31" complexity="0" loc="9" ncloc="9" packages="1" files="1" classes="1"/>
    <file name="settings.js" path="C:\Users\Vladimir\Downloads\Netology\Домашние задания продвинутый Javascript\Containers\3rd task\src\js\settings.js">
      <metrics statements="9" coveredstatements="9" conditionals="17" coveredconditionals="17" methods="5" coveredmethods="5"/>
      <line num="3" count="2" type="stmt"/>
      <line num="8" count="2" type="stmt"/>
      <line num="12" count="2" type="cond" truecount="5" falsecount="0"/>
      <line num="13" count="1" type="stmt"/>
      <line num="18" count="2" type="cond" truecount="7" falsecount="0"/>
      <line num="19" count="1" type="stmt"/>
      <line num="24" count="2" type="cond" truecount="5" falsecount="0"/>
      <line num="25" count="1" type="stmt"/>
      <line num="30" count="2" type="stmt"/>
    </file>
  </project>
</coverage>
