{"C:\\Users\\Vladimir\\Downloads\\Netology\\Домашние задания продвинутый Javascript\\Containers\\3rd task\\src\\js\\settings.js": {"path":"C:\\Users\\Vladimir\\Downloads\\Netology\\Домашние задания продвинутый Javascript\\Containers\\3rd task\\src\\js\\settings.js","statementMap":{"0":{"start":{"line":3,"column":4},"end":{"line":7,"column":7}},"1":{"start":{"line":8,"column":4},"end":{"line":8,"column":34}},"2":{"start":{"line":12,"column":4},"end":{"line":14,"column":5}},"3":{"start":{"line":13,"column":6},"end":{"line":13,"column":44}},"4":{"start":{"line":18,"column":4},"end":{"line":20,"column":5}},"5":{"start":{"line":19,"column":6},"end":{"line":19,"column":44}},"6":{"start":{"line":24,"column":4},"end":{"line":26,"column":5}},"7":{"start":{"line":25,"column":6},"end":{"line":25,"column":49}},"8":{"start":{"line":30,"column":4},"end":{"line":30,"column":68}}},"fnMap":{"0":{"name":"(anonymous_0)","decl":{"start":{"line":2,"column":2},"end":{"line":2,"column":3}},"loc":{"start":{"line":2,"column":16},"end":{"line":9,"column":3}},"line":2},"1":{"name":"(anonymous_1)","decl":{"start":{"line":11,"column":2},"end":{"line":11,"column":3}},"loc":{"start":{"line":11,"column":22},"end":{"line":15,"column":3}},"line":11},"2":{"name":"(anonymous_2)","decl":{"start":{"line":17,"column":2},"end":{"line":17,"column":3}},"loc":{"start":{"line":17,"column":22},"end":{"line":21,"column":3}},"line":17},"3":{"name":"(anonymous_3)","decl":{"start":{"line":23,"column":2},"end":{"line":23,"column":3}},"loc":{"start":{"line":23,"column":26},"end":{"line":27,"column":3}},"line":23},"4":{"name":"(anonymous_4)","decl":{"start":{"line":29,"column":2},"end":{"line":29,"column":3}},"loc":{"start":{"line":29,"column":17},"end":{"line":31,"column":3}},"line":29}},"branchMap":{"0":{"loc":{"start":{"line":12,"column":4},"end":{"line":14,"column":5}},"type":"if","locations":[{"start":{"line":12,"column":4},"end":{"line":14,"column":5}},{"start":{"line":12,"column":4},"end":{"line":14,"column":5}}],"line":12},"1":{"loc":{"start":{"line":12,"column":8},"end":{"line":12,"column":65}},"type":"binary-expr","locations":[{"start":{"line":12,"column":8},"end":{"line":12,"column":24}},{"start":{"line":12,"column":28},"end":{"line":12,"column":45}},{"start":{"line":12,"column":49},"end":{"line":12,"column":65}}],"line":12},"2":{"loc":{"start":{"line":18,"column":4},"end":{"line":20,"column":5}},"type":"if","locations":[{"start":{"line":18,"column":4},"end":{"line":20,"column":5}},{"start":{"line":18,"column":4},"end":{"line":20,"column":5}}],"line":18},"3":{"loc":{"start":{"line":18,"column":8},"end":{"line":18,"column":108}},"type":"binary-expr","locations":[{"start":{"line":18,"column":8},"end":{"line":18,"column":26}},{"start":{"line":18,"column":30},"end":{"line":18,"column":45}},{"start":{"line":18,"column":49},"end":{"line":18,"column":65}},{"start":{"line":18,"column":69},"end":{"line":18,"column":89}},{"start":{"line":18,"column":93},"end":{"line":18,"column":108}}],"line":18},"4":{"loc":{"start":{"line":24,"column":4},"end":{"line":26,"column":5}},"type":"if","locations":[{"start":{"line":24,"column":4},"end":{"line":26,"column":5}},{"start":{"line":24,"column":4},"end":{"line":26,"column":5}}],"line":24},"5":{"loc":{"start":{"line":24,"column":8},"end":{"line":24,"column":71}},"type":"binary-expr","locations":[{"start":{"line":24,"column":8},"end":{"line":24,"column":26}},{"start":{"line":24,"column":30},"end":{"line":24,"column":46}},{"start":{"line":24,"column":50},"end":{"line":24,"column":71}}],"line":24}},"s":{"0":2,"1":2,"2":2,"3":1,"4":2,"5":1,"6":2,"7":1,"8":2},"f":{"0":2,"1":2,"2":2,"3":2,"4":2},"b":{"0":[1,1],"1":[2,2,1],"2":[1,1],"3":[2,2,1,1,1],"4":[1,1],"5":[2,2,1]},"_coverageSchema":"43e27e138ebf9cfc5966b082cf9a028302ed4184","hash":"57ccaa1a507b7eedc1728b400c27997b8ac0006b"}
}
