TN:
SF:C:\Users\Vladimir\Downloads\Netology\Домашние задания продвинутый Javascript\Containers\3rd task\src\js\settings.js
FN:2,(anonymous_0)
FN:11,(anonymous_1)
FN:17,(anonymous_2)
FN:23,(anonymous_3)
FN:29,(anonymous_4)
FNF:5
FNH:5
FNDA:2,(anonymous_0)
FNDA:2,(anonymous_1)
FNDA:2,(anonymous_2)
FNDA:2,(anonymous_3)
FNDA:2,(anonymous_4)
DA:3,2
DA:8,2
DA:12,2
DA:13,1
DA:18,2
DA:19,1
DA:24,2
DA:25,1
DA:30,2
LF:9
LH:9
BRDA:12,0,0,1
BRDA:12,0,1,1
BRDA:12,1,0,2
BRDA:12,1,1,2
BRDA:12,1,2,1
BRDA:18,2,0,1
BRDA:18,2,1,1
BRDA:18,3,0,2
BRDA:18,3,1,2
BRDA:18,3,2,1
BRDA:18,3,3,1
BRDA:18,3,4,1
BRDA:24,4,0,1
BRDA:24,4,1,1
BRDA:24,5,0,2
BRDA:24,5,1,2
BRDA:24,5,2,1
BRF:17
BRH:17
end_of_record
